-------------------------------------------------------------------------------
Test set: TestSuite
-------------------------------------------------------------------------------
Tests run: 4, Failures: 1, Errors: 0, Skipped: 0, Time elapsed: 40.924 s <<< FAILURE! - in TestSuite
loginAndLogout(com.yoyotesting.startwithonebrowser.LoginAndLogoutTestNG)  Time elapsed: 1.13 s  <<< FAILURE!
java.lang.AssertionError: expected [泛微移动办公云OA(eteams)：一体化的团队协作移动办公云平台1] but found [泛微移动办公云OA(eteams)：一体化的团队协作移动办公云平台]
	at com.yoyotesting.startwithonebrowser.LoginAndLogoutTestNG.loginAndLogout(LoginAndLogoutTestNG.java:28)

