<?xml version="1.0" encoding="UTF-8"?>
<!-- Generated by org.testng.reporters.JUnitReportReporter -->
<testsuite skipped="1" hostname="SC-202012051647" name="com.yoyotesting.selenium3maven.LoginAndLogoutTestNG" tests="2" failures="0" timestamp="2021-09-12T19:55:32 CST" time="3.825" errors="1">
  <testcase name="setUp" time="3.825" classname="com.yoyotesting.selenium3maven.LoginAndLogoutTestNG">
    <error type="org.openqa.selenium.SessionNotCreatedException" message="session not created: This version of ChromeDriver only supports Chrome version 75
Build info: version: &#039;3.8.1&#039;, revision: &#039;6e95a6684b&#039;, time: &#039;2017-12-01T18:33:54.468Z&#039;
System info: host: &#039;SC-202012051647&#039;, ip: &#039;192.168.207.1&#039;, os.name: &#039;Windows 10&#039;, os.arch: &#039;amd64&#039;, os.version: &#039;10.0&#039;, java.version: &#039;1.8.0_181&#039;
Driver info: driver.version: ChromeDriver
remote stacktrace: Backtrace:
	Ordinal0 [0x00B07DF3+1474035]
	Ordinal0 [0x00A807D1+919505]
	Ordinal0 [0x00A1CB43+510787]
	Ordinal0 [0x009B1B0F+72463]
	Ordinal0 [0x009AE3F3+58355]
	Ordinal0 [0x009D0CE4+199908]
	Ordinal0 [0x009D069D+198301]
	Ordinal0 [0x009CEECB+192203]
	Ordinal0 [0x009B5FF6+90102]
	Ordinal0 [0x009B765A+95834]
	Ordinal0 [0x009B7554+95572]
	GetHandleVerifier [0x00C6231C+1249612]
	GetHandleVerifier [0x00BB1575+525221]
	GetHandleVerifier [0x00BB1310+524608]
	Ordinal0 [0x00B15D28+1531176]
	GetHandleVerifier [0x00BB1D4A+527226]
	Ordinal0 [0x00A975F6+1013238]
	Ordinal0 [0x00A9746F+1012847]
	Ordinal0 [0x00AA365B+1062491]
	Ordinal0 [0x00AA379F+1062815]
	Ordinal0 [0x00AA2745+1058629]
	BaseThreadInitThunk [0x76ABFA29+25]
	RtlGetAppContainerNamedObjectPath [0x76F87A7E+286]
	RtlGetAppContainerNamedObjectPath [0x76F87A4E+238]
">
      <![CDATA[org.openqa.selenium.SessionNotCreatedException: session not created: This version of ChromeDriver only supports Chrome version 75
Build info: version: '3.8.1', revision: '6e95a6684b', time: '2017-12-01T18:33:54.468Z'
System info: host: 'SC-202012051647', ip: '192.168.207.1', os.name: 'Windows 10', os.arch: 'amd64', os.version: '10.0', java.version: '1.8.0_181'
Driver info: driver.version: ChromeDriver
remote stacktrace: Backtrace:
Ordinal0 [0x00B07DF3+1474035]
Ordinal0 [0x00A807D1+919505]
Ordinal0 [0x00A1CB43+510787]
Ordinal0 [0x009B1B0F+72463]
Ordinal0 [0x009AE3F3+58355]
Ordinal0 [0x009D0CE4+199908]
Ordinal0 [0x009D069D+198301]
Ordinal0 [0x009CEECB+192203]
Ordinal0 [0x009B5FF6+90102]
Ordinal0 [0x009B765A+95834]
Ordinal0 [0x009B7554+95572]
GetHandleVerifier [0x00C6231C+1249612]
GetHandleVerifier [0x00BB1575+525221]
GetHandleVerifier [0x00BB1310+524608]
Ordinal0 [0x00B15D28+1531176]
GetHandleVerifier [0x00BB1D4A+527226]
Ordinal0 [0x00A975F6+1013238]
Ordinal0 [0x00A9746F+1012847]
Ordinal0 [0x00AA365B+1062491]
Ordinal0 [0x00AA379F+1062815]
Ordinal0 [0x00AA2745+1058629]
BaseThreadInitThunk [0x76ABFA29+25]
RtlGetAppContainerNamedObjectPath [0x76F87A7E+286]
RtlGetAppContainerNamedObjectPath [0x76F87A4E+238]

at sun.reflect.NativeConstructorAccessorImpl.newInstance0(Native Method)
at sun.reflect.NativeConstructorAccessorImpl.newInstance(Unknown Source)
at sun.reflect.DelegatingConstructorAccessorImpl.newInstance(Unknown Source)
at java.lang.reflect.Constructor.newInstance(Unknown Source)
at org.openqa.selenium.remote.W3CHandshakeResponse.lambda$new$0(W3CHandshakeResponse.java:57)
at org.openqa.selenium.remote.W3CHandshakeResponse.lambda$getResponseFunction$2(W3CHandshakeResponse.java:104)
at org.openqa.selenium.remote.ProtocolHandshake.lambda$createSession$0(ProtocolHandshake.java:123)
at java.util.stream.ReferencePipeline$3$1.accept(Unknown Source)
at java.util.Spliterators$ArraySpliterator.tryAdvance(Unknown Source)
at java.util.stream.ReferencePipeline.forEachWithCancel(Unknown Source)
at java.util.stream.AbstractPipeline.copyIntoWithCancel(Unknown Source)
at java.util.stream.AbstractPipeline.copyInto(Unknown Source)
at java.util.stream.AbstractPipeline.wrapAndCopyInto(Unknown Source)
at java.util.stream.FindOps$FindOp.evaluateSequential(Unknown Source)
at java.util.stream.AbstractPipeline.evaluate(Unknown Source)
at java.util.stream.ReferencePipeline.findFirst(Unknown Source)
at org.openqa.selenium.remote.ProtocolHandshake.createSession(ProtocolHandshake.java:126)
at org.openqa.selenium.remote.ProtocolHandshake.createSession(ProtocolHandshake.java:73)
at org.openqa.selenium.remote.HttpCommandExecutor.execute(HttpCommandExecutor.java:142)
at org.openqa.selenium.remote.service.DriverCommandExecutor.execute(DriverCommandExecutor.java:83)
at org.openqa.selenium.remote.RemoteWebDriver.execute(RemoteWebDriver.java:601)
at org.openqa.selenium.remote.RemoteWebDriver.startSession(RemoteWebDriver.java:219)
at org.openqa.selenium.remote.RemoteWebDriver.<init>(RemoteWebDriver.java:142)
at org.openqa.selenium.chrome.ChromeDriver.<init>(ChromeDriver.java:181)
at org.openqa.selenium.chrome.ChromeDriver.<init>(ChromeDriver.java:168)
at org.openqa.selenium.chrome.ChromeDriver.<init>(ChromeDriver.java:157)
at com.yoyotesting.selenium3maven.LoginAndLogoutTestNG.setUp(LoginAndLogoutTestNG.java:28)
at sun.reflect.NativeMethodAccessorImpl.invoke0(Native Method)
at sun.reflect.NativeMethodAccessorImpl.invoke(Unknown Source)
at sun.reflect.DelegatingMethodAccessorImpl.invoke(Unknown Source)
at java.lang.reflect.Method.invoke(Unknown Source)
at org.testng.internal.MethodInvocationHelper.invokeMethod(MethodInvocationHelper.java:133)
at org.testng.internal.MethodInvocationHelper.invokeMethodConsideringTimeout(MethodInvocationHelper.java:62)
at org.testng.internal.ConfigInvoker.invokeConfigurationMethod(ConfigInvoker.java:340)
at org.testng.internal.ConfigInvoker.invokeConfigurations(ConfigInvoker.java:294)
at org.testng.internal.TestMethodWorker.invokeBeforeClassMethods(TestMethodWorker.java:176)
at org.testng.internal.TestMethodWorker.run(TestMethodWorker.java:122)
at java.util.ArrayList.forEach(Unknown Source)
at org.testng.TestRunner.privateRun(TestRunner.java:770)
at org.testng.TestRunner.run(TestRunner.java:591)
at org.testng.SuiteRunner.runTest(SuiteRunner.java:402)
at org.testng.SuiteRunner.runSequentially(SuiteRunner.java:396)
at org.testng.SuiteRunner.privateRun(SuiteRunner.java:355)
at org.testng.SuiteRunner.run(SuiteRunner.java:304)
at org.testng.SuiteRunnerWorker.runSuite(SuiteRunnerWorker.java:53)
at org.testng.SuiteRunnerWorker.run(SuiteRunnerWorker.java:96)
at org.testng.TestNG.runSuitesSequentially(TestNG.java:1180)
at org.testng.TestNG.runSuitesLocally(TestNG.java:1102)
at org.testng.TestNG.runSuites(TestNG.java:1032)
at org.testng.TestNG.run(TestNG.java:1000)
at org.testng.remote.AbstractRemoteTestNG.run(AbstractRemoteTestNG.java:115)
at org.testng.remote.RemoteTestNG.initAndRun(RemoteTestNG.java:251)
at org.testng.remote.RemoteTestNG.main(RemoteTestNG.java:77)
]]>
    </error>
  </testcase> <!-- setUp -->
  <testcase name="loginAndLogout" time="0.000" classname="com.yoyotesting.selenium3maven.LoginAndLogoutTestNG">
    <skipped/>
  </testcase> <!-- loginAndLogout -->
</testsuite> <!-- com.yoyotesting.selenium3maven.LoginAndLogoutTestNG -->
